2018-05-10 11:32:41,132 INFO  [org.jboss.modules] (main) JBoss Modules version 1.5.1.Final
2018-05-10 11:32:41,456 INFO  [org.jboss.msc] (main) JBoss MSC version 1.2.6.Final
2018-05-10 11:32:41,545 INFO  [org.jboss.as] (MSC service thread 1-7) WFLYSRV0049: WildFly Full 10.0.0.Final (WildFly Core 2.0.10.Final) starting
2018-05-10 11:32:41,546 DEBUG [org.jboss.as.config] (MSC service thread 1-7) Configured system properties:
	awt.toolkit = sun.awt.windows.WToolkit
	file.encoding = Cp1252
	file.encoding.pkg = sun.io
	file.separator = \
	java.awt.graphicsenv = sun.awt.Win32GraphicsEnvironment
	java.awt.headless = true
	java.awt.printerjob = sun.awt.windows.WPrinterJob
	java.class.path = C:\_WORKSPACES\STS_WORKSPACE\servers\wildfly\wildfly-10.0.0.Final\jboss-modules.jar;C:\_WORKSPACES\STS_WORKSPACE\java\jdk1.8.0_144\jre\lib\resources.jar;C:\_WORKSPACES\STS_WORKSPACE\java\jdk1.8.0_144\jre\lib\rt.jar;C:\_WORKSPACES\STS_WORKSPACE\java\jdk1.8.0_144\jre\lib\jsse.jar;C:\_WORKSPACES\STS_WORKSPACE\java\jdk1.8.0_144\jre\lib\jce.jar;C:\_WORKSPACES\STS_WORKSPACE\java\jdk1.8.0_144\jre\lib\charsets.jar;C:\_WORKSPACES\STS_WORKSPACE\java\jdk1.8.0_144\jre\lib\jfr.jar
	java.class.version = 52.0
	java.endorsed.dirs = C:\_WORKSPACES\STS_WORKSPACE\java\jdk1.8.0_144\jre\lib\endorsed
	java.ext.dirs = C:\_WORKSPACES\STS_WORKSPACE\java\jdk1.8.0_144\jre\lib\ext;C:\WINDOWS\Sun\Java\lib\ext
	java.home = C:\_WORKSPACES\STS_WORKSPACE\java\jdk1.8.0_144\jre
	java.io.tmpdir = C:\Users\jgresh\AppData\Local\Temp\
	java.library.path = C:\_WORKSPACES\STS_WORKSPACE\java\jdk1.8.0_144\bin;C:\WINDOWS\Sun\Java\bin;C:\WINDOWS\system32;C:\WINDOWS;C:\_WORKSPACES\STS_WORKSPACE\java\jdk1.8.0_144\jre\bin;native;C:\_WORKSPACE\java\LINKS;C:\_WORKSPACE\java\LINKS\CURRENT_JAVA\bin;C:\_WORKSPACE\tools\cygwin\CYGWIN64\bin;C:\Program Files\Microsoft MPI\Bin\;C:\app\jgresh\product\12.1.0\dbhome_1\bin;C:\Program Files\MySQL\MySQL Server 5.5\bin;C:\_WORKSPACE_FOR_TM\Ruby187\bin;C:\Program Files\CollabNet\Subversion Client;C:\_WORKSPACE\tools\apache-ant-1.9.3\bin;C:\_WORKSPACE\tools\apache-ant-1.9.3\apache-ant-1.9.3\bin;C:\_WORKSPACE\tools\apache-maven-3.0.4\bin;C:\app\jgresh\product\11.2.0\dbhome_1\bin;C:\ProgramData\Oracle\Java\javapath;C:\Program Files (x86)\Intel\iCLS Client\;C:\Program Files\Intel\iCLS Client\;C:\WINDOWS\system32;C:\WINDOWS;C:\WINDOWS\System32\Wbem;C:\WINDOWS\System32\WindowsPowerShell\v1.0\;C:\Program Files\Lenovo\Fingerprint Manager Pro\;C:\Program Files (x86)\Common Files\Lenovo;C:\SWTOOLS\ReadyApps;C:\Program Files (x86)\Intel\Intel(R) Management Engine Components\DAL;C:\Program Files\Intel\Intel(R) Management Engine Components\DAL;C:\Program Files (x86)\Intel\Intel(R) Management Engine Components\IPT;C:\Program Files\Intel\Intel(R) Management Engine Components\IPT;C:\Program Files (x86)\Lenovo\Access Connections\;C:\Program Files (x86)\PuTTY\;C:\Program Files (x86)\Skype\Phone\;C:\Program Files\Git\cmd;C:\Program Files\Microsoft SQL Server\110\DTS\Binn\;C:\Program Files (x86)\Microsoft SQL Server\110\Tools\Binn\;C:\Program Files\Microsoft SQL Server\110\Tools\Binn\;C:\Program Files (x86)\Microsoft SQL Server\110\Tools\Binn\ManagementStudio\;C:\Program Files (x86)\Microsoft Visual Studio 10.0\Common7\IDE\PrivateAssemblies\;C:\Program Files (x86)\Microsoft SQL Server\110\DTS\Binn\;C:\Program Files\Intel\WiFi\bin\;C:\Program Files\Common Files\Intel\WirelessCommon\;C:\Users\jgresh\AppData\Local\Microsoft\WindowsApps;C:\Users\jgresh\AppData\Local\atom\bin;C:\Program Files\Intel\WiFi\bin\;C:\Program Files\Common Files\Intel\WirelessCommon\;.
	java.net.preferIPv4Stack = true
	java.runtime.name = Java(TM) SE Runtime Environment
	java.runtime.version = 1.8.0_144-b01
	java.specification.name = Java Platform API Specification
	java.specification.vendor = Oracle Corporation
	java.specification.version = 1.8
	java.util.logging.manager = org.jboss.logmanager.LogManager
	java.vendor = Oracle Corporation
	java.vendor.url = http://java.oracle.com/
	java.vendor.url.bug = http://bugreport.sun.com/bugreport/
	java.version = 1.8.0_144
	java.vm.info = mixed mode
	java.vm.name = Java HotSpot(TM) 64-Bit Server VM
	java.vm.specification.name = Java Virtual Machine Specification
	java.vm.specification.vendor = Oracle Corporation
	java.vm.specification.version = 1.8
	java.vm.vendor = Oracle Corporation
	java.vm.version = 25.144-b01
	javax.management.builder.initial = org.jboss.as.jmx.PluggableMBeanServerBuilder
	javax.xml.datatype.DatatypeFactory = __redirected.__DatatypeFactory
	javax.xml.parsers.DocumentBuilderFactory = __redirected.__DocumentBuilderFactory
	javax.xml.parsers.SAXParserFactory = __redirected.__SAXParserFactory
	javax.xml.stream.XMLEventFactory = __redirected.__XMLEventFactory
	javax.xml.stream.XMLInputFactory = __redirected.__XMLInputFactory
	javax.xml.stream.XMLOutputFactory = __redirected.__XMLOutputFactory
	javax.xml.transform.TransformerFactory = __redirected.__TransformerFactory
	javax.xml.validation.SchemaFactory:http://www.w3.org/2001/XMLSchema = __redirected.__SchemaFactory
	javax.xml.xpath.XPathFactory:http://java.sun.com/jaxp/xpath/dom = __redirected.__XPathFactory
	jboss.bind.address = localhost
	jboss.bind.address.management = localhost
	jboss.home.dir = C:\_WORKSPACES\STS_WORKSPACE\servers\wildfly\wildfly-10.0.0.Final
	jboss.host.name = lapjgresh
	jboss.modules.dir = C:\_WORKSPACES\STS_WORKSPACE\servers\wildfly\wildfly-10.0.0.Final\modules
	jboss.modules.system.pkgs = org.jboss.byteman
	jboss.node.name = lapjgresh
	jboss.qualified.host.name = lapjgresh
	jboss.server.base.dir = C:\_WORKSPACES\STS_WORKSPACE\servers\wildfly\wildfly-10.0.0.Final\standalone
	jboss.server.config.dir = C:\_WORKSPACES\STS_WORKSPACE\servers\wildfly\wildfly-10.0.0.Final\standalone\configuration
	jboss.server.data.dir = C:\_WORKSPACES\STS_WORKSPACE\servers\wildfly\wildfly-10.0.0.Final\standalone\data
	jboss.server.deploy.dir = C:\_WORKSPACES\STS_WORKSPACE\servers\wildfly\wildfly-10.0.0.Final\standalone\data\content
	jboss.server.log.dir = C:\_WORKSPACES\STS_WORKSPACE\servers\wildfly\wildfly-10.0.0.Final\standalone\log
	jboss.server.name = lapjgresh
	jboss.server.persist.config = true
	jboss.server.temp.dir = C:\_WORKSPACES\STS_WORKSPACE\servers\wildfly\wildfly-10.0.0.Final\standalone\tmp
	line.separator = 

	logging.configuration = file:C:\_WORKSPACES\STS_WORKSPACE\servers\wildfly\wildfly-10.0.0.Final\standalone\configuration\logging.properties
	module.path = C:\_WORKSPACES\STS_WORKSPACE\servers\wildfly\wildfly-10.0.0.Final\modules
	org.jboss.boot.log.file = C:\_WORKSPACES\STS_WORKSPACE\servers\wildfly\wildfly-10.0.0.Final\standalone\log\boot.log
	org.jboss.logmanager.nocolor = true
	org.jboss.resolver.warning = true
	org.xml.sax.driver = __redirected.__XMLReaderFactory
	os.arch = amd64
	os.name = Windows 10
	os.version = 10.0
	path.separator = ;
	program.name = JBossTools: WildFly 10.x
	sun.arch.data.model = 64
	sun.boot.class.path = C:\_WORKSPACES\STS_WORKSPACE\java\jdk1.8.0_144\jre\lib\resources.jar;C:\_WORKSPACES\STS_WORKSPACE\java\jdk1.8.0_144\jre\lib\rt.jar;C:\_WORKSPACES\STS_WORKSPACE\java\jdk1.8.0_144\jre\lib\sunrsasign.jar;C:\_WORKSPACES\STS_WORKSPACE\java\jdk1.8.0_144\jre\lib\jsse.jar;C:\_WORKSPACES\STS_WORKSPACE\java\jdk1.8.0_144\jre\lib\jce.jar;C:\_WORKSPACES\STS_WORKSPACE\java\jdk1.8.0_144\jre\lib\charsets.jar;C:\_WORKSPACES\STS_WORKSPACE\java\jdk1.8.0_144\jre\lib\jfr.jar;C:\_WORKSPACES\STS_WORKSPACE\java\jdk1.8.0_144\jre\classes
	sun.boot.library.path = C:\_WORKSPACES\STS_WORKSPACE\java\jdk1.8.0_144\jre\bin
	sun.cpu.endian = little
	sun.cpu.isalist = amd64
	sun.desktop = windows
	sun.io.unicode.encoding = UnicodeLittle
	sun.java.command = org.jboss.modules.Main -mp C:\_WORKSPACES\STS_WORKSPACE\servers\wildfly\wildfly-10.0.0.Final\modules org.jboss.as.standalone -b localhost --server-config=standalone.xml -Djboss.server.base.dir=C:\_WORKSPACES\STS_WORKSPACE\servers\wildfly\wildfly-10.0.0.Final\standalone
	sun.java.launcher = SUN_STANDARD
	sun.jnu.encoding = Cp1252
	sun.management.compiler = HotSpot 64-Bit Tiered Compilers
	sun.os.patch.level = 
	sun.rmi.dgc.client.gcInterval = 3600000
	sun.rmi.dgc.server.gcInterval = 3600000
	user.country = US
	user.dir = C:\_WORKSPACES\STS_WORKSPACE\servers\wildfly\wildfly-10.0.0.Final\bin
	user.home = C:\Users\jgresh
	user.language = en
	user.name = jgresh
	user.script = 
	user.timezone = America/New_York
	user.variant = 
2018-05-10 11:32:41,547 DEBUG [org.jboss.as.config] (MSC service thread 1-7) VM Arguments: -agentlib:jdwp=transport=dt_socket,suspend=y,address=localhost:50818 -Dprogram.name=JBossTools: WildFly 10.x -Xms64m -Xmx512m -Dorg.jboss.resolver.warning=true -Djava.net.preferIPv4Stack=true -Dsun.rmi.dgc.client.gcInterval=3600000 -Dsun.rmi.dgc.server.gcInterval=3600000 -Djboss.modules.system.pkgs=org.jboss.byteman -Djava.awt.headless=true -Dorg.jboss.boot.log.file=C:\_WORKSPACES\STS_WORKSPACE\servers\wildfly\wildfly-10.0.0.Final\standalone\log\boot.log -Dlogging.configuration=file:C:\_WORKSPACES\STS_WORKSPACE\servers\wildfly\wildfly-10.0.0.Final\standalone\configuration\logging.properties -Djboss.home.dir=C:\_WORKSPACES\STS_WORKSPACE\servers\wildfly\wildfly-10.0.0.Final -Dorg.jboss.logmanager.nocolor=true -Djboss.bind.address.management=localhost -Dfile.encoding=Cp1252 
2018-05-10 11:32:43,682 INFO  [org.jboss.as.server] (Controller Boot Thread) WFLYSRV0039: Creating http management service using socket-binding (management-http)
2018-05-10 11:32:43,704 INFO  [org.xnio] (MSC service thread 1-3) XNIO version 3.3.4.Final
2018-05-10 11:32:43,714 INFO  [org.xnio.nio] (MSC service thread 1-3) XNIO NIO Implementation Version 3.3.4.Final
2018-05-10 11:32:43,780 INFO  [org.wildfly.extension.io] (ServerService Thread Pool -- 37) WFLYIO001: Worker 'default' has auto-configured to 8 core threads with 64 task threads based on your 4 available processors
2018-05-10 11:32:43,791 INFO  [org.jboss.as.clustering.infinispan] (ServerService Thread Pool -- 38) WFLYCLINF0001: Activating Infinispan subsystem.
2018-05-10 11:32:43,855 INFO  [org.jboss.as.jsf] (ServerService Thread Pool -- 44) WFLYJSF0007: Activated the following JSF Implementations: [main]
2018-05-10 11:32:43,882 INFO  [org.jboss.as.naming] (ServerService Thread Pool -- 46) WFLYNAM0001: Activating Naming Subsystem
2018-05-10 11:32:43,899 WARN  [org.jboss.as.txn] (ServerService Thread Pool -- 54) WFLYTX0013: Node identifier property is set to the default value. Please make sure it is unique.
2018-05-10 11:32:43,905 INFO  [org.jboss.as.security] (ServerService Thread Pool -- 53) WFLYSEC0002: Activating Security Subsystem
2018-05-10 11:32:43,944 INFO  [org.jboss.as.webservices] (ServerService Thread Pool -- 56) WFLYWS0002: Activating WebServices Extension
2018-05-10 11:32:44,233 INFO  [org.jboss.as.connector] (MSC service thread 1-7) WFLYJCA0009: Starting JCA Subsystem (WildFly/IronJacamar 1.3.2.Final)
2018-05-10 11:32:44,243 INFO  [org.jboss.as.security] (MSC service thread 1-4) WFLYSEC0001: Current PicketBox version=4.9.4.Final
2018-05-10 11:32:44,276 INFO  [org.jboss.as.connector.subsystems.datasources] (ServerService Thread Pool -- 33) WFLYJCA0004: Deploying JDBC-compliant driver class org.h2.Driver (version 1.3)
2018-05-10 11:32:44,362 INFO  [org.jboss.as.connector.deployers.jdbc] (MSC service thread 1-7) WFLYJCA0018: Started Driver service with driver-name = h2
2018-05-10 11:32:44,406 INFO  [org.wildfly.extension.undertow] (ServerService Thread Pool -- 55) WFLYUT0003: Undertow 1.3.15.Final starting
2018-05-10 11:32:44,416 INFO  [org.wildfly.extension.undertow] (MSC service thread 1-5) WFLYUT0003: Undertow 1.3.15.Final starting
2018-05-10 11:32:44,496 INFO  [org.jboss.as.mail.extension] (MSC service thread 1-1) WFLYMAIL0001: Bound mail session [java:jboss/mail/Default]
2018-05-10 11:32:44,497 INFO  [org.jboss.as.naming] (MSC service thread 1-1) WFLYNAM0003: Starting Naming Service
2018-05-10 11:32:44,804 INFO  [org.wildfly.extension.undertow] (ServerService Thread Pool -- 55) WFLYUT0014: Creating file handler for path 'C:\_WORKSPACES\STS_WORKSPACE\servers\wildfly\wildfly-10.0.0.Final/welcome-content' with options [directory-listing: 'false', follow-symlink: 'false', case-sensitive: 'true', safe-symlink-paths: '[]']
2018-05-10 11:32:44,883 INFO  [org.jboss.as.ejb3] (MSC service thread 1-5) WFLYEJB0481: Strict pool slsb-strict-max-pool is using a max instance size of 64 (per class), which is derived from thread worker pool sizing.
2018-05-10 11:32:44,884 INFO  [org.jboss.as.ejb3] (MSC service thread 1-7) WFLYEJB0482: Strict pool mdb-strict-max-pool is using a max instance size of 16 (per class), which is derived from the number of CPUs on this host.
2018-05-10 11:32:45,397 INFO  [org.wildfly.extension.undertow] (MSC service thread 1-4) WFLYUT0012: Started server default-server.
2018-05-10 11:32:45,435 INFO  [org.jboss.remoting] (MSC service thread 1-3) JBoss Remoting version 4.0.18.Final
2018-05-10 11:32:45,503 INFO  [org.wildfly.extension.undertow] (MSC service thread 1-5) WFLYUT0018: Host default-host starting
2018-05-10 11:32:45,572 INFO  [org.jboss.as.server.deployment.scanner] (MSC service thread 1-5) WFLYDS0013: Started FileSystemDeploymentService for directory C:\_WORKSPACES\STS_WORKSPACE\servers\wildfly\wildfly-10.0.0.Final\standalone\deployments
2018-05-10 11:32:45,741 INFO  [org.wildfly.extension.undertow] (MSC service thread 1-2) WFLYUT0006: Undertow HTTP listener default listening on 127.0.0.1:8080
2018-05-10 11:32:46,330 INFO  [org.jboss.as.connector.subsystems.datasources] (MSC service thread 1-1) WFLYJCA0001: Bound data source [java:jboss/datasources/ExampleDS]
2018-05-10 11:32:46,377 INFO  [org.infinispan.factories.GlobalComponentRegistry] (MSC service thread 1-6) ISPN000128: Infinispan version: Infinispan 'Mahou' 8.1.0.Final
2018-05-10 11:32:46,370 INFO  [org.infinispan.factories.GlobalComponentRegistry] (MSC service thread 1-7) ISPN000128: Infinispan version: Infinispan 'Mahou' 8.1.0.Final
2018-05-10 11:32:46,734 INFO  [org.jboss.ws.common.management] (MSC service thread 1-2) JBWS022052: Starting JBossWS 5.1.3.Final (Apache CXF 3.1.4) 
2018-05-10 11:32:47,132 INFO  [org.jboss.as] (Controller Boot Thread) WFLYSRV0060: Http management interface listening on http://127.0.0.1:9990/management
2018-05-10 11:32:47,138 INFO  [org.jboss.as] (Controller Boot Thread) WFLYSRV0051: Admin console listening on http://127.0.0.1:9990
2018-05-10 11:32:47,139 INFO  [org.jboss.as] (Controller Boot Thread) WFLYSRV0025: WildFly Full 10.0.0.Final (WildFly Core 2.0.10.Final) started in 6837ms - Started 267 of 553 services (371 services are lazy, passive or on-demand)
2018-05-10 11:32:53,486 INFO  [org.jboss.as.server] (management-handler-thread - 1) WFLYSRV0211: Suspending server with 0ms timeout.
2018-05-10 11:32:53,497 INFO  [org.jboss.as.server] (Thread-2) WFLYSRV0220: Server shutdown has been requested.
2018-05-10 11:32:53,562 INFO  [org.jboss.as.connector.subsystems.datasources] (MSC service thread 1-8) WFLYJCA0010: Unbound data source [java:jboss/datasources/ExampleDS]
2018-05-10 11:32:53,807 INFO  [org.wildfly.extension.undertow] (MSC service thread 1-8) WFLYUT0019: Host default-host stopping
2018-05-10 11:32:53,824 INFO  [org.jboss.as.connector.deployers.jdbc] (MSC service thread 1-6) WFLYJCA0019: Stopped Driver service with driver-name = h2
2018-05-10 11:32:53,833 INFO  [org.wildfly.extension.undertow] (MSC service thread 1-1) WFLYUT0008: Undertow HTTP listener default suspending
2018-05-10 11:32:53,842 INFO  [org.wildfly.extension.undertow] (MSC service thread 1-1) WFLYUT0007: Undertow HTTP listener default stopped, was bound to 127.0.0.1:8080
2018-05-10 11:32:53,843 INFO  [org.wildfly.extension.undertow] (MSC service thread 1-1) WFLYUT0004: Undertow 1.3.15.Final stopping
2018-05-10 11:32:53,901 INFO  [org.jboss.as] (MSC service thread 1-5) WFLYSRV0050: WildFly Full 10.0.0.Final (WildFly Core 2.0.10.Final) stopped in 375ms
